0 info it worked if it ends with ok
1 verbose cli [ '/usr/local/Cellar/node/6.9.1/bin/node',
1 verbose cli   '/usr/local/bin/npm',
1 verbose cli   'install',
1 verbose cli   'font-platinmarket',
1 verbose cli   '--save' ]
2 info using npm@4.0.5
3 info using node@v6.9.1
4 silly loadCurrentTree Starting
5 silly install loadCurrentTree
6 silly install readLocalPackageData
7 silly fetchPackageMetaData font-platinmarket
8 silly fetchNamedPackageData font-platinmarket
9 silly mapToRegistry name font-platinmarket
10 silly mapToRegistry using default registry
11 silly mapToRegistry registry https://registry.npmjs.org/
12 silly mapToRegistry data Result {
12 silly mapToRegistry   raw: 'font-platinmarket',
12 silly mapToRegistry   scope: null,
12 silly mapToRegistry   escapedName: 'font-platinmarket',
12 silly mapToRegistry   name: 'font-platinmarket',
12 silly mapToRegistry   rawSpec: '',
12 silly mapToRegistry   spec: 'latest',
12 silly mapToRegistry   type: 'tag' }
13 silly mapToRegistry uri https://registry.npmjs.org/font-platinmarket
14 verbose get https://registry.npmjs.org/font-platinmarket not expired, no request
15 silly install normalizeTree
16 silly loadCurrentTree Finishing
17 silly loadIdealTree Starting
18 silly install loadIdealTree
19 silly cloneCurrentTree Starting
20 silly install cloneCurrentTreeToIdealTree
21 silly cloneCurrentTree Finishing
22 silly loadShrinkwrap Starting
23 silly install loadShrinkwrap
24 silly loadShrinkwrap Finishing
25 silly loadAllDepsIntoIdealTree Starting
26 silly install loadAllDepsIntoIdealTree
27 silly rollbackFailedOptional Starting
28 silly rollbackFailedOptional Finishing
29 silly runTopLevelLifecycles Finishing
30 silly install printInstalled
31 verbose stack Error: Refusing to install package with name "font-platinmarket" under a package
31 verbose stack also called "font-platinmarket". Did you name your project the same
31 verbose stack as the dependency you're installing?
31 verbose stack
31 verbose stack For more information, see:
31 verbose stack     <https://docs.npmjs.com/cli/install#limitations-of-npms-install-algorithm>
31 verbose stack     at checkSelf (/usr/local/lib/node_modules/npm/lib/install/validate-args.js:53:14)
31 verbose stack     at Array.<anonymous> (/usr/local/lib/node_modules/npm/node_modules/slide/lib/bind-actor.js:15:8)
31 verbose stack     at LOOP (/usr/local/lib/node_modules/npm/node_modules/slide/lib/chain.js:15:14)
31 verbose stack     at chain (/usr/local/lib/node_modules/npm/node_modules/slide/lib/chain.js:20:5)
31 verbose stack     at /usr/local/lib/node_modules/npm/lib/install/validate-args.js:16:5
31 verbose stack     at /usr/local/lib/node_modules/npm/node_modules/slide/lib/async-map.js:52:35
31 verbose stack     at Array.forEach (native)
31 verbose stack     at /usr/local/lib/node_modules/npm/node_modules/slide/lib/async-map.js:52:11
31 verbose stack     at Array.forEach (native)
31 verbose stack     at asyncMap (/usr/local/lib/node_modules/npm/node_modules/slide/lib/async-map.js:51:8)
32 verbose cwd /Users/bdogan/Project/font-platinmarket
33 error Darwin 16.3.0
34 error argv "/usr/local/Cellar/node/6.9.1/bin/node" "/usr/local/bin/npm" "install" "font-platinmarket" "--save"
35 error node v6.9.1
36 error npm  v4.0.5
37 error code ENOSELF
38 error Refusing to install package with name "font-platinmarket" under a package
38 error also called "font-platinmarket". Did you name your project the same
38 error as the dependency you're installing?
38 error
38 error For more information, see:
38 error     <https://docs.npmjs.com/cli/install#limitations-of-npms-install-algorithm>
39 error If you need help, you may report this error at:
39 error     <https://github.com/npm/npm/issues>
40 verbose exit [ 1, true ]
